
> my-portfolio@0.0.1 build
> astro build

[2m11:01:17[22m [34m[content][39m Syncing content
[2m11:01:17[22m [34m[content][39m Synced content
[2m11:01:17[22m [34m[types][39m Generated [2m943ms[22m
[2m11:01:17[22m [34m[build][39m output: [34m"static"[39m
[2m11:01:17[22m [34m[build][39m mode: [34m"static"[39m
[2m11:01:17[22m [34m[build][39m directory: [34mD:\my-portfolio\dist\[39m
[2m11:01:17[22m [34m[build][39m Collecting build info...
[2m11:01:17[22m [34m[build][39m [32m✓ Completed in 967ms.[39m
[2m11:01:17[22m [34m[build][39m Building static entrypoints...
[33m[1m11:01:18[22m [WARN] [vite][39m [33m"matchHostname", "matchPathname", "matchPort" and "matchProtocol" are imported from external module "@astrojs/internal-helpers/remote" but never used in "node_modules/astro/dist/assets/utils/index.js".[39m
[2m11:01:18[22m [34m[vite][39m [32m✓ built in 1.60s[39m
[2m11:01:18[22m [34m[vite][39m [32m✓ built in 14ms[39m
[2m11:01:18[22m [34m[build][39m Rearranging server assets...

[42m[30m generating static routes [39m[49m
[2m11:01:18[22m   [34m├─[39m [2m/blog/pad-automation/index.html[22m [2m(+18ms)[22m 
[2m11:01:18[22m   [34m├─[39m [2m/blog/restaurant-app/index.html[22m [2m(+4ms)[22m 
[2m11:01:18[22m   [34m├─[39m [2m/index.html[22m [2m(+9ms)[22m 
[2m11:01:18[22m [32m✓ Completed in 63ms.
[39m
[2m11:01:18[22m [34m[build][39m [32m✓ Completed in 1.77s.[39m
[2m11:01:18[22m [34m[build][39m 3 page(s) built in [1m2.75s[22m
[2m11:01:18[22m [34m[build][39m [1mComplete![22m
